Build started 22-03-2018 08:20:00.
     1>Project "F:\115cs0231\1.DDA and Bresenham\DDA\DDA.vcxproj" on node 2 (build target(s)).
     1>InitializeBuildStatus:
         Creating "Debug\DDA.unsuccessfulbuild" because "AlwaysCreate" was specified.
       ClCompile:
         C:\Program Files\Microsoft Visual Studio 10.0\VC\bin\CL.exe /c /I"F:\115cs0231\Glew and Glut\freeglut\include" /I"F:\115cs0231\Glew and Glut\glew-1.11.0\include" /ZI /nologo /W3 /WX- /Od /Oy- /D _MBCS /Gm /EHsc /RTC1 /MDd /GS /fp:precise /Zc:wchar_t /Zc:forScope /Fo"Debug\\" /Fd"Debug\vc100.pdb" /Gd /TP /analyze- /errorReport:prompt dda.cpp
         dda.cpp
     1>f:\115cs0231\1.dda and bresenham\dda\dda.cpp(12): warning C4244: 'initializing' : conversion from 'int' to 'float', possible loss of data
     1>f:\115cs0231\1.dda and bresenham\dda\dda.cpp(12): warning C4244: 'initializing' : conversion from 'int' to 'float', possible loss of data
     1>f:\115cs0231\1.dda and bresenham\dda\dda.cpp(59): warning C4996: 'scanf': This function or variable may be unsafe. Consider using scanf_s instead. To disable deprecation, use _CRT_SECURE_NO_WARNINGS. See online help for details.
                 c:\program files\microsoft visual studio 10.0\vc\include\stdio.h(304) : see declaration of 'scanf'
       Link:
         C:\Program Files\Microsoft Visual Studio 10.0\VC\bin\link.exe /ERRORREPORT:PROMPT /OUT:"F:\115cs0231\1.DDA and Bresenham\Debug\DDA.exe" /NOLOGO /LIBPATH:"F:\115cs0231\Glew and Glut\freeglut\lib" /LIBPATH:"F:\115cs0231\Glew and Glut\glew-1.11.0\lib" freeglut.lib glew32.lib kernel32.lib user32.lib gdi32.lib winspool.lib comdlg32.lib advapi32.lib shell32.lib ole32.lib oleaut32.lib uuid.lib odbc32.lib odbccp32.lib /MANIFEST /ManifestFile:"Debug\DDA.exe.intermediate.manifest" /MANIFESTUAC:"level='asInvoker' uiAccess='false'" /DEBUG /PDB:"F:\115cs0231\1.DDA and Bresenham\Debug\DDA.pdb" /TLBID:1 /DYNAMICBASE /NXCOMPAT /IMPLIB:"F:\115cs0231\1.DDA and Bresenham\Debug\DDA.lib" /MACHINE:X86 Debug\dda.obj
         LINK : F:\115cs0231\1.DDA and Bresenham\Debug\DDA.exe not found or not built by the last incremental link; performing full link
         DDA.vcxproj -> F:\115cs0231\1.DDA and Bresenham\Debug\DDA.exe
       Manifest:
         C:\Program Files\Microsoft SDKs\Windows\v7.0A\bin\mt.exe /nologo /verbose /outputresource:"F:\115cs0231\1.DDA and Bresenham\Debug\DDA.exe;#1" /manifest Debug\DDA.exe.intermediate.manifest
       FinalizeBuildStatus:
         Deleting file "Debug\DDA.unsuccessfulbuild".
         Touching "Debug\DDA.lastbuildstate".
     1>Done Building Project "F:\115cs0231\1.DDA and Bresenham\DDA\DDA.vcxproj" (build target(s)).

Build succeeded.

Time Elapsed 00:00:00.88
